<?xml version="1.0" encoding="UTF-8"?>
<!-- Generated by org.testng.reporters.JUnitReportReporter -->
<testsuite skipped="0" hostname="BOLD-NatyaG" name="com.weather_reporting.ui.tests.CurrentWeatherReport" tests="2" failures="0" timestamp="15 Jul 2021 09:37:02 GMT" time="0.299" errors="0">
  <testcase name="verifyUserIsOnHomePage" time="0.031" classname="com.weather_reporting.ui.tests.CurrentWeatherReport"/>
  <testcase name="WeatherReportForParticularCity" time="0.268" classname="com.weather_reporting.ui.tests.CurrentWeatherReport"/>
</testsuite> <!-- com.weather_reporting.ui.tests.CurrentWeatherReport -->
